{"name": "test_case_payments", "status": "broken", "statusDetails": {"message": "selenium.common.exceptions.NoSuchElementException: Message: None; For documentation on this error, please visit: https://www.selenium.dev/documentation/webdriver/troubleshooting/errors#no-such-element-exception", "trace": "self = <screens.android.cheque_screen.ChequeScreen object at 0x10d0eef90>\n\n    def check_cheque_title(self):\n        try:\n>           if self.is_visible(self.success_img):\n\nscreens/android/cheque_screen.py:22: \n_ _ _ _ _ _ _ _ _ _ _ _ _ _ _ _ _ _ _ _ _ _ _ _ _ _ _ _ _ _ _ _ _ _ _ _ _ _ _ _ _ _ _ _ _ _ _ _ _ _ _ _ _ _ _ _ _ _ _ _ _ _ _ _ _ _ _ _ _ _ _ _ _ _ _ _ _ _ _ _ _ _\nscreens/screen.py:120: in is_visible\n    return self.get_element(locator).is_displayed()\nscreens/screen.py:26: in get_element\n    return self.get_element_by_type(method, values)\nscreens/screen.py:60: in get_element_by_type\n    return WebDriverWait(self.driver, 40).until(ec.visibility_of_element_located((AppiumBy.ID, value)))\n_ _ _ _ _ _ _ _ _ _ _ _ _ _ _ _ _ _ _ _ _ _ _ _ _ _ _ _ _ _ _ _ _ _ _ _ _ _ _ _ _ _ _ _ _ _ _ _ _ _ _ _ _ _ _ _ _ _ _ _ _ _ _ _ _ _ _ _ _ _ _ _ _ _ _ _ _ _ _ _ _ _\n\nself = <selenium.webdriver.support.wait.WebDriverWait (session=\"32d3ea9d-293b-46d2-9760-bd3903bcd323\")>\nmethod = <function visibility_of_element_located.<locals>._predicate at 0x10d098cc0>, message = ''\n\n    def until(self, method, message: str = \"\"):\n        \"\"\"Calls the method provided with the driver as an argument until the \\\n        return value does not evaluate to ``False``.\n    \n        :param method: callable(WebDriver)\n        :param message: optional message for :exc:`TimeoutException`\n        :returns: the result of the last call to `method`\n        :raises: :exc:`selenium.common.exceptions.TimeoutException` if timeout occurs\n        \"\"\"\n        screen = None\n        stacktrace = None\n    \n        end_time = time.monotonic() + self._timeout\n        while True:\n            try:\n                value = method(self._driver)\n                if value:\n                    return value\n            except self._ignored_exceptions as exc:\n                screen = getattr(exc, \"screen\", None)\n                stacktrace = getattr(exc, \"stacktrace\", None)\n            time.sleep(self._poll)\n            if time.monotonic() > end_time:\n                break\n>       raise TimeoutException(message, screen, stacktrace)\nE       selenium.common.exceptions.TimeoutException: Message: \nE       Stacktrace:\nE       NoSuchElementError: An element could not be located on the page using the given search parameters.\nE           at AndroidUiautomator2Driver.findElOrEls (/Users/mx13/.appium/node_modules/appium-uiautomator2-driver/node_modules/appium-android-driver/lib/commands/find.ts:87:11)\nE           at processTicksAndRejections (node:internal/process/task_queues:95:5)\nE           at AndroidUiautomator2Driver.findElOrElsWithProcessing (/Users/mx13/npm-global/lib/node_modules/appium/node_modules/@appium/base-driver/lib/basedriver/commands/find.ts:60:12)\nE           at AndroidUiautomator2Driver.findElement (/Users/mx13/npm-global/lib/node_modules/appium/node_modules/@appium/base-driver/lib/basedriver/commands/find.ts:75:12)\n\nmyenv/lib/python3.11/site-packages/selenium/webdriver/support/wait.py:95: TimeoutException\n\nDuring handling of the above exception, another exception occurred:\n\nself = <tests.test_suites.android.test_suit_payments.TestSuitPayments object at 0x10d046650>\ncreate_payments_flow_user_a = <flows.android.payments_flow.PaymentsFlow object at 0x10d13f810>\n\n    def test_case_payments(self, create_payments_flow_user_a):\n        user_a = create_payments_flow_user_a\n>       assert user_a.pay_to_mobile_beeline(\"905439771\", \"500\", \"Mobil Aloqa\", \"Beeline\", \"5802\", \"0\")\n\ntests/test_suites/android/test_suit_payments.py:4: \n_ _ _ _ _ _ _ _ _ _ _ _ _ _ _ _ _ _ _ _ _ _ _ _ _ _ _ _ _ _ _ _ _ _ _ _ _ _ _ _ _ _ _ _ _ _ _ _ _ _ _ _ _ _ _ _ _ _ _ _ _ _ _ _ _ _ _ _ _ _ _ _ _ _ _ _ _ _ _ _ _ _\nflows/android/payments_flow.py:33: in pay_to_mobile_beeline\n    assert self.cheque_screen.check_cheque_title()\n_ _ _ _ _ _ _ _ _ _ _ _ _ _ _ _ _ _ _ _ _ _ _ _ _ _ _ _ _ _ _ _ _ _ _ _ _ _ _ _ _ _ _ _ _ _ _ _ _ _ _ _ _ _ _ _ _ _ _ _ _ _ _ _ _ _ _ _ _ _ _ _ _ _ _ _ _ _ _ _ _ _\n\nself = <screens.android.cheque_screen.ChequeScreen object at 0x10d0eef90>\n\n    def check_cheque_title(self):\n        try:\n            if self.is_visible(self.success_img):\n                if self.get_element_text(self.muvaffaqqiyatli_cheque_title) != \"Xato\":\n                    return True\n        except Exception:\n>           raise NoSuchElementException\nE           selenium.common.exceptions.NoSuchElementException: Message: None; For documentation on this error, please visit: https://www.selenium.dev/documentation/webdriver/troubleshooting/errors#no-such-element-exception\n\nscreens/android/cheque_screen.py:26: NoSuchElementException"}, "attachments": [{"name": "log", "source": "505930ae-9ad5-4deb-bb88-48ddb402c548-attachment.txt", "type": "text/plain"}], "start": 1703462428740, "stop": 1703462536853, "uuid": "706a7ab0-2917-4d34-a97a-16b701b49051", "historyId": "fecbd990bbfe541dbec16b6c08320f35", "testCaseId": "fecbd990bbfe541dbec16b6c08320f35", "fullName": "tests.test_suites.android.test_suit_payments.TestSuitPayments#test_case_payments", "labels": [{"name": "parentSuite", "value": "tests.test_suites.android"}, {"name": "suite", "value": "test_suit_payments"}, {"name": "subSuite", "value": "TestSuitPayments"}, {"name": "host", "value": "Mukhammadazizs-MacBook-Pro.local"}, {"name": "thread", "value": "9009-MainThread"}, {"name": "framework", "value": "pytest"}, {"name": "language", "value": "cpython3"}, {"name": "package", "value": "tests.test_suites.android.test_suit_payments"}]}