{"name": "test_case_p2p_h2h", "status": "broken", "statusDetails": {"message": "selenium.common.exceptions.TimeoutException: Message: \nStacktrace:\nNoSuchElementError: An element could not be located on the page using the given search parameters.\n    at AndroidUiautomator2Driver.findElOrEls (/Users/mx13/.appium/node_modules/appium-uiautomator2-driver/node_modules/appium-android-driver/lib/commands/find.ts:87:11)\n    at processTicksAndRejections (node:internal/process/task_queues:95:5)\n    at AndroidUiautomator2Driver.findElOrElsWithProcessing (/Users/mx13/npm-global/lib/node_modules/appium/node_modules/@appium/base-driver/lib/basedriver/commands/find.ts:60:12)\n    at AndroidUiautomator2Driver.findElement (/Users/mx13/npm-global/lib/node_modules/appium/node_modules/@appium/base-driver/lib/basedriver/commands/find.ts:75:12)", "trace": "self = <tests.test_suites.android.test_suit_p2p_h2h.TestSuitP2PH2H object at 0x10752a890>\ncreate_p2p_flow_user_a = <flows.android.p2p_flow.P2PFlow object at 0x1076c9850>\n\n    def test_case_p2p_h2h(self, create_p2p_flow_user_a):\n        user_a_flow = create_p2p_flow_user_a\n    \n>       assert user_a_flow.check_p2p_humo_to_humo_from_home_screen(\"0118\", \"9860200101864805\", \"500\", \"4805\",\n                                                                   \"M XOLIQBERDIYEV\", \"XOLIQBERDIYEV M\")\n\ntests/test_suites/android/test_suit_p2p_h2h.py:6: \n_ _ _ _ _ _ _ _ _ _ _ _ _ _ _ _ _ _ _ _ _ _ _ _ _ _ _ _ _ _ _ _ _ _ _ _ _ _ _ _ _ _ _ _ _ _ _ _ _ _ _ _ _ _ _ _ _ _ _ _ _ _ _ _ _ _ _ _ _ _ _ _ _ _ _ _ _ _ _ _ _ _\nflows/android/p2p_flow.py:13: in check_p2p_humo_to_humo_from_home_screen\n    self.welcome_screen.is_enter_pin_code_screen_open()\nscreens/android/welcome_screen.py:61: in is_enter_pin_code_screen_open\n    if \"PIN kodni kiriting\" in self.get_element_text(self.pin_code_screen_title):\nscreens/screen.py:222: in get_element_text\n    element = self.get_element(locator)\nscreens/screen.py:26: in get_element\n    return self.get_element_by_type(method, values)\nscreens/screen.py:60: in get_element_by_type\n    return WebDriverWait(self.driver, 40).until(ec.visibility_of_element_located((AppiumBy.ID, value)))\n_ _ _ _ _ _ _ _ _ _ _ _ _ _ _ _ _ _ _ _ _ _ _ _ _ _ _ _ _ _ _ _ _ _ _ _ _ _ _ _ _ _ _ _ _ _ _ _ _ _ _ _ _ _ _ _ _ _ _ _ _ _ _ _ _ _ _ _ _ _ _ _ _ _ _ _ _ _ _ _ _ _\n\nself = <selenium.webdriver.support.wait.WebDriverWait (session=\"62bb2f1b-1a6b-4366-9416-717372ba8a61\")>\nmethod = <function visibility_of_element_located.<locals>._predicate at 0x1076258a0>, message = ''\n\n    def until(self, method, message: str = \"\"):\n        \"\"\"Calls the method provided with the driver as an argument until the \\\n        return value does not evaluate to ``False``.\n    \n        :param method: callable(WebDriver)\n        :param message: optional message for :exc:`TimeoutException`\n        :returns: the result of the last call to `method`\n        :raises: :exc:`selenium.common.exceptions.TimeoutException` if timeout occurs\n        \"\"\"\n        screen = None\n        stacktrace = None\n    \n        end_time = time.monotonic() + self._timeout\n        while True:\n            try:\n                value = method(self._driver)\n                if value:\n                    return value\n            except self._ignored_exceptions as exc:\n                screen = getattr(exc, \"screen\", None)\n                stacktrace = getattr(exc, \"stacktrace\", None)\n            time.sleep(self._poll)\n            if time.monotonic() > end_time:\n                break\n>       raise TimeoutException(message, screen, stacktrace)\nE       selenium.common.exceptions.TimeoutException: Message: \nE       Stacktrace:\nE       NoSuchElementError: An element could not be located on the page using the given search parameters.\nE           at AndroidUiautomator2Driver.findElOrEls (/Users/mx13/.appium/node_modules/appium-uiautomator2-driver/node_modules/appium-android-driver/lib/commands/find.ts:87:11)\nE           at processTicksAndRejections (node:internal/process/task_queues:95:5)\nE           at AndroidUiautomator2Driver.findElOrElsWithProcessing (/Users/mx13/npm-global/lib/node_modules/appium/node_modules/@appium/base-driver/lib/basedriver/commands/find.ts:60:12)\nE           at AndroidUiautomator2Driver.findElement (/Users/mx13/npm-global/lib/node_modules/appium/node_modules/@appium/base-driver/lib/basedriver/commands/find.ts:75:12)\n\nmyenv/lib/python3.11/site-packages/selenium/webdriver/support/wait.py:95: TimeoutException"}, "attachments": [{"name": "log", "source": "2b825bbe-2234-4fb9-969f-b6cb5bb616a5-attachment.txt", "type": "text/plain"}], "start": 1703460707507, "stop": 1703460750654, "uuid": "27bc8523-e2f2-4cbd-9b6e-97ed94fa1d22", "historyId": "403e983ca11a67cd4c485e9a65c95080", "testCaseId": "403e983ca11a67cd4c485e9a65c95080", "fullName": "tests.test_suites.android.test_suit_p2p_h2h.TestSuitP2PH2H#test_case_p2p_h2h", "labels": [{"name": "parentSuite", "value": "tests.test_suites.android"}, {"name": "suite", "value": "test_suit_p2p_h2h"}, {"name": "subSuite", "value": "TestSuitP2PH2H"}, {"name": "host", "value": "Mukhammadazizs-MacBook-Pro.local"}, {"name": "thread", "value": "8369-MainThread"}, {"name": "framework", "value": "pytest"}, {"name": "language", "value": "cpython3"}, {"name": "package", "value": "tests.test_suites.android.test_suit_p2p_h2h"}]}