{"name": "test_case_p2p_h2u", "status": "broken", "statusDetails": {"message": "selenium.common.exceptions.TimeoutException: Message: \nStacktrace:\nNoSuchElementError: An element could not be located on the page using the given search parameters.\n    at AndroidUiautomator2Driver.findElOrEls (/Users/mx13/.appium/node_modules/appium-uiautomator2-driver/node_modules/appium-android-driver/lib/commands/find.ts:87:11)\n    at processTicksAndRejections (node:internal/process/task_queues:95:5)\n    at AndroidUiautomator2Driver.findElOrElsWithProcessing (/Users/mx13/npm-global/lib/node_modules/appium/node_modules/@appium/base-driver/lib/basedriver/commands/find.ts:60:12)\n    at AndroidUiautomator2Driver.findElement (/Users/mx13/npm-global/lib/node_modules/appium/node_modules/@appium/base-driver/lib/basedriver/commands/find.ts:75:12)", "trace": "self = <tests.test_suites.android.test_suit_p2p_h2u.TestSuitP2PH2U object at 0x10d0459d0>\ncreate_p2p_flow_user_a = <flows.android.p2p_flow.P2PFlow object at 0x10d05ff90>\n\n    def test_case_p2p_h2u(self, create_p2p_flow_user_a):\n        user_a_flow = create_p2p_flow_user_a\n>       assert user_a_flow.check_p2p_humo_to_uzcard(\"0118\", \"8600140255564529\", \"500\", \"4529\", \"XOLIQBERDIYEV MUHAMMADAZIZ\")\n\ntests/test_suites/android/test_suit_p2p_h2u.py:5: \n_ _ _ _ _ _ _ _ _ _ _ _ _ _ _ _ _ _ _ _ _ _ _ _ _ _ _ _ _ _ _ _ _ _ _ _ _ _ _ _ _ _ _ _ _ _ _ _ _ _ _ _ _ _ _ _ _ _ _ _ _ _ _ _ _ _ _ _ _ _ _ _ _ _ _ _ _ _ _ _ _ _\nflows/android/p2p_flow.py:58: in check_p2p_humo_to_uzcard\n    assert self.p2p_screen.check_all_data_appear_in_confirm_screen(recipient_full_name, sent_money, commission,\nscreens/android/p2p_screen.py:69: in check_all_data_appear_in_confirm_screen\n    if recipient_details in self.get_element_text(self.recipient_card_details_in_confirmation_screen):\nscreens/screen.py:222: in get_element_text\n    element = self.get_element(locator)\nscreens/screen.py:26: in get_element\n    return self.get_element_by_type(method, values)\nscreens/screen.py:60: in get_element_by_type\n    return WebDriverWait(self.driver, 40).until(ec.visibility_of_element_located((AppiumBy.ID, value)))\n_ _ _ _ _ _ _ _ _ _ _ _ _ _ _ _ _ _ _ _ _ _ _ _ _ _ _ _ _ _ _ _ _ _ _ _ _ _ _ _ _ _ _ _ _ _ _ _ _ _ _ _ _ _ _ _ _ _ _ _ _ _ _ _ _ _ _ _ _ _ _ _ _ _ _ _ _ _ _ _ _ _\n\nself = <selenium.webdriver.support.wait.WebDriverWait (session=\"c999258d-86a9-4528-a852-b7c8ecc38ad3\")>\nmethod = <function visibility_of_element_located.<locals>._predicate at 0x10d09a980>, message = ''\n\n    def until(self, method, message: str = \"\"):\n        \"\"\"Calls the method provided with the driver as an argument until the \\\n        return value does not evaluate to ``False``.\n    \n        :param method: callable(WebDriver)\n        :param message: optional message for :exc:`TimeoutException`\n        :returns: the result of the last call to `method`\n        :raises: :exc:`selenium.common.exceptions.TimeoutException` if timeout occurs\n        \"\"\"\n        screen = None\n        stacktrace = None\n    \n        end_time = time.monotonic() + self._timeout\n        while True:\n            try:\n                value = method(self._driver)\n                if value:\n                    return value\n            except self._ignored_exceptions as exc:\n                screen = getattr(exc, \"screen\", None)\n                stacktrace = getattr(exc, \"stacktrace\", None)\n            time.sleep(self._poll)\n            if time.monotonic() > end_time:\n                break\n>       raise TimeoutException(message, screen, stacktrace)\nE       selenium.common.exceptions.TimeoutException: Message: \nE       Stacktrace:\nE       NoSuchElementError: An element could not be located on the page using the given search parameters.\nE           at AndroidUiautomator2Driver.findElOrEls (/Users/mx13/.appium/node_modules/appium-uiautomator2-driver/node_modules/appium-android-driver/lib/commands/find.ts:87:11)\nE           at processTicksAndRejections (node:internal/process/task_queues:95:5)\nE           at AndroidUiautomator2Driver.findElOrElsWithProcessing (/Users/mx13/npm-global/lib/node_modules/appium/node_modules/@appium/base-driver/lib/basedriver/commands/find.ts:60:12)\nE           at AndroidUiautomator2Driver.findElement (/Users/mx13/npm-global/lib/node_modules/appium/node_modules/@appium/base-driver/lib/basedriver/commands/find.ts:75:12)\n\nmyenv/lib/python3.11/site-packages/selenium/webdriver/support/wait.py:95: TimeoutException"}, "attachments": [{"name": "log", "source": "2887691c-1a67-4c78-9e03-4b44c2a5cdfb-attachment.txt", "type": "text/plain"}], "start": 1703462313617, "stop": 1703462393062, "uuid": "3badddc7-0d46-4a00-9f8b-e761b8817578", "historyId": "65ea79b980c78b212c59bea0e781420e", "testCaseId": "65ea79b980c78b212c59bea0e781420e", "fullName": "tests.test_suites.android.test_suit_p2p_h2u.TestSuitP2PH2U#test_case_p2p_h2u", "labels": [{"name": "parentSuite", "value": "tests.test_suites.android"}, {"name": "suite", "value": "test_suit_p2p_h2u"}, {"name": "subSuite", "value": "TestSuitP2PH2U"}, {"name": "host", "value": "Mukhammadazizs-MacBook-Pro.local"}, {"name": "thread", "value": "9009-MainThread"}, {"name": "framework", "value": "pytest"}, {"name": "language", "value": "cpython3"}, {"name": "package", "value": "tests.test_suites.android.test_suit_p2p_h2u"}]}