{"name": "test_case_login", "status": "broken", "statusDetails": {"message": "selenium.common.exceptions.TimeoutException: Message: \nStacktrace:\nNoSuchElementError: An element could not be located on the page using the given search parameters.\n    at AndroidUiautomator2Driver.findElOrEls (/Users/mx13/.appium/node_modules/appium-uiautomator2-driver/node_modules/appium-android-driver/lib/commands/find.ts:87:11)\n    at processTicksAndRejections (node:internal/process/task_queues:95:5)\n    at AndroidUiautomator2Driver.findElOrElsWithProcessing (/Users/mx13/node_modules/@appium/base-driver/lib/basedriver/commands/find.ts:60:12)\n    at AndroidUiautomator2Driver.findElement (/Users/mx13/node_modules/@appium/base-driver/lib/basedriver/commands/find.ts:75:12)", "trace": "self = <tests.test_suites.android.test_suit_login.TestSuitLogin object at 0x10d199e10>\ncreate_login_flow_user_a = <flows.android.login_flow.LoginFlow object at 0x10d231dd0>\n\n    def test_case_login(self, create_login_flow_user_a):\n        user_a_flow = create_login_flow_user_a\n>       assert user_a_flow.check_login(\"905439771\", \"19952913MXtuit*\")\n\ntests/test_suites/android/test_suit_login.py:9: \n_ _ _ _ _ _ _ _ _ _ _ _ _ _ _ _ _ _ _ _ _ _ _ _ _ _ _ _ _ _ _ _ _ _ _ _ _ _ _ _ _ _ _ _ _ _ _ _ _ _ _ _ _ _ _ _ _ _ _ _ _ _ _ _ _ _ _ _ _ _ _ _ _ _ _ _ _ _ _ _ _ _\nflows/android/login_flow.py:24: in check_login\n    assert self.welcome_screen.is_pin_code_screen_open()\nscreens/android/welcome_screen.py:56: in is_pin_code_screen_open\n    if \"PIN kodni o ªrnating\" in self.get_element_text(self.confirm_pin_code_screen_title):\nscreens/screen.py:228: in get_element_text\n    element = self.get_element(locator)\nscreens/screen.py:33: in get_element\n    return self.get_element_by_type(method, values)\nscreens/screen.py:67: in get_element_by_type\n    return WebDriverWait(self.driver, 70).until(ec.visibility_of_element_located((AppiumBy.ID, value)))\n_ _ _ _ _ _ _ _ _ _ _ _ _ _ _ _ _ _ _ _ _ _ _ _ _ _ _ _ _ _ _ _ _ _ _ _ _ _ _ _ _ _ _ _ _ _ _ _ _ _ _ _ _ _ _ _ _ _ _ _ _ _ _ _ _ _ _ _ _ _ _ _ _ _ _ _ _ _ _ _ _ _\n\nself = <selenium.webdriver.support.wait.WebDriverWait (session=\"59d458fe-74dd-45ae-97a2-b8e122f780ce\")>\nmethod = <function visibility_of_element_located.<locals>._predicate at 0x10d228360>, message = ''\n\n    def until(self, method: Callable[[WebDriver], Union[Literal[False], T]], message: str = \"\") -> T:\n        \"\"\"Calls the method provided with the driver as an argument until the \\\n        return value does not evaluate to ``False``.\n    \n        :param method: callable(WebDriver)\n        :param message: optional message for :exc:`TimeoutException`\n        :returns: the result of the last call to `method`\n        :raises: :exc:`selenium.common.exceptions.TimeoutException` if timeout occurs\n        \"\"\"\n        screen = None\n        stacktrace = None\n    \n        end_time = time.monotonic() + self._timeout\n        while True:\n            try:\n                value = method(self._driver)\n                if value:\n                    return value\n            except self._ignored_exceptions as exc:\n                screen = getattr(exc, \"screen\", None)\n                stacktrace = getattr(exc, \"stacktrace\", None)\n            time.sleep(self._poll)\n            if time.monotonic() > end_time:\n                break\n>       raise TimeoutException(message, screen, stacktrace)\nE       selenium.common.exceptions.TimeoutException: Message: \nE       Stacktrace:\nE       NoSuchElementError: An element could not be located on the page using the given search parameters.\nE           at AndroidUiautomator2Driver.findElOrEls (/Users/mx13/.appium/node_modules/appium-uiautomator2-driver/node_modules/appium-android-driver/lib/commands/find.ts:87:11)\nE           at processTicksAndRejections (node:internal/process/task_queues:95:5)\nE           at AndroidUiautomator2Driver.findElOrElsWithProcessing (/Users/mx13/node_modules/@appium/base-driver/lib/basedriver/commands/find.ts:60:12)\nE           at AndroidUiautomator2Driver.findElement (/Users/mx13/node_modules/@appium/base-driver/lib/basedriver/commands/find.ts:75:12)\n\nmyenv/lib/python3.11/site-packages/selenium/webdriver/support/wait.py:101: TimeoutException"}, "attachments": [{"name": "log", "source": "cabcfb90-2244-42a0-ae5f-81819c13806c-attachment.txt", "type": "text/plain"}], "start": 1701693914578, "stop": 1701694010416, "uuid": "2de63c93-40ab-475d-a791-ed839a11e44c", "historyId": "637a7c336c1f43497a9dc833b8a94ab4", "testCaseId": "637a7c336c1f43497a9dc833b8a94ab4", "fullName": "tests.test_suites.android.test_suit_login.TestSuitLogin#test_case_login", "labels": [{"name": "parentSuite", "value": "tests.test_suites.android"}, {"name": "suite", "value": "test_suit_login"}, {"name": "subSuite", "value": "TestSuitLogin"}, {"name": "host", "value": "Mukhammadazizs-MacBook-Pro.local"}, {"name": "thread", "value": "1861-MainThread"}, {"name": "framework", "value": "pytest"}, {"name": "language", "value": "cpython3"}, {"name": "package", "value": "tests.test_suites.android.test_suit_login"}]}