{"name": "test_profile_flow", "status": "broken", "statusDetails": {"message": "selenium.common.exceptions.TimeoutException: Message: \nStacktrace:\nNoSuchElementError: An element could not be located on the page using the given search parameters.\n    at AndroidUiautomator2Driver.findElOrEls (/Users/mx13/.appium/node_modules/appium-uiautomator2-driver/node_modules/appium-android-driver/lib/commands/find.js:75:11)\n    at processTicksAndRejections (node:internal/process/task_queues:95:5)\n    at AndroidUiautomator2Driver.findElOrElsWithProcessing (/usr/local/lib/node_modules/appium/node_modules/@appium/base-driver/lib/basedriver/commands/find.ts:60:12)\n    at AndroidUiautomator2Driver.findElement (/usr/local/lib/node_modules/appium/node_modules/@appium/base-driver/lib/basedriver/commands/find.ts:75:12)", "trace": "self = <tests.test_suites.android.test_suit_profile_flow.TestSuitProfile object at 0x107d0d690>\ncreate_profile_flow_user_a = <flows.android.profile_flow.ProfileFlow object at 0x107e87510>\n\n    def test_profile_flow(self, create_profile_flow_user_a):\n        user_a = create_profile_flow_user_a\n>       assert user_a.check_app_lock_time()\n\ntests/test_suites/android/test_suit_profile_flow.py:9: \n_ _ _ _ _ _ _ _ _ _ _ _ _ _ _ _ _ _ _ _ _ _ _ _ _ _ _ _ _ _ _ _ _ _ _ _ _ _ _ _ _ _ _ _ _ _ _ _ _ _ _ _ _ _ _ _ _ _ _ _ _ _ _ _ _ _ _ _ _ _ _ _ _ _ _ _ _ _ _ _ _ _\nflows/android/profile_flow.py:15: in check_app_lock_time\n    self.welcome_screen.is_enter_pin_code_screen_open()\nscreens/android/welcome_screen.py:61: in is_enter_pin_code_screen_open\n    if \"PIN kodni kiriting\" in self.get_element_text(self.pin_code_screen_title):\nscreens/screen.py:228: in get_element_text\n    element = self.get_element(locator)\nscreens/screen.py:33: in get_element\n    return self.get_element_by_type(method, values)\nscreens/screen.py:67: in get_element_by_type\n    return WebDriverWait(self.driver, 70).until(ec.visibility_of_element_located((MobileBy.ID, value)))\n_ _ _ _ _ _ _ _ _ _ _ _ _ _ _ _ _ _ _ _ _ _ _ _ _ _ _ _ _ _ _ _ _ _ _ _ _ _ _ _ _ _ _ _ _ _ _ _ _ _ _ _ _ _ _ _ _ _ _ _ _ _ _ _ _ _ _ _ _ _ _ _ _ _ _ _ _ _ _ _ _ _\n\nself = <selenium.webdriver.support.wait.WebDriverWait (session=\"b0180d0b-58b1-4ef4-81d0-cf62480eeb8e\")>\nmethod = <function visibility_of_element_located.<locals>._predicate at 0x107dddee0>, message = ''\n\n    def until(self, method, message: str = \"\"):\n        \"\"\"Calls the method provided with the driver as an argument until the \\\n        return value does not evaluate to ``False``.\n    \n        :param method: callable(WebDriver)\n        :param message: optional message for :exc:`TimeoutException`\n        :returns: the result of the last call to `method`\n        :raises: :exc:`selenium.common.exceptions.TimeoutException` if timeout occurs\n        \"\"\"\n        screen = None\n        stacktrace = None\n    \n        end_time = time.monotonic() + self._timeout\n        while True:\n            try:\n                value = method(self._driver)\n                if value:\n                    return value\n            except self._ignored_exceptions as exc:\n                screen = getattr(exc, \"screen\", None)\n                stacktrace = getattr(exc, \"stacktrace\", None)\n            time.sleep(self._poll)\n            if time.monotonic() > end_time:\n                break\n>       raise TimeoutException(message, screen, stacktrace)\nE       selenium.common.exceptions.TimeoutException: Message: \nE       Stacktrace:\nE       NoSuchElementError: An element could not be located on the page using the given search parameters.\nE           at AndroidUiautomator2Driver.findElOrEls (/Users/mx13/.appium/node_modules/appium-uiautomator2-driver/node_modules/appium-android-driver/lib/commands/find.js:75:11)\nE           at processTicksAndRejections (node:internal/process/task_queues:95:5)\nE           at AndroidUiautomator2Driver.findElOrElsWithProcessing (/usr/local/lib/node_modules/appium/node_modules/@appium/base-driver/lib/basedriver/commands/find.ts:60:12)\nE           at AndroidUiautomator2Driver.findElement (/usr/local/lib/node_modules/appium/node_modules/@appium/base-driver/lib/basedriver/commands/find.ts:75:12)\n\n/Library/Frameworks/Python.framework/Versions/3.11/lib/python3.11/site-packages/selenium/webdriver/support/wait.py:95: TimeoutException"}, "attachments": [{"name": "log", "source": "23c3e528-8424-4295-ad45-b31a9bc1c266-attachment.txt", "type": "text/plain"}], "start": 1701325422703, "stop": 1701325501288, "uuid": "29d065c3-5772-454c-a091-2c1598203ffe", "historyId": "4cde83e59d893f7d3479a1a355b80ee1", "testCaseId": "4cde83e59d893f7d3479a1a355b80ee1", "fullName": "tests.test_suites.android.test_suit_profile_flow.TestSuitProfile#test_profile_flow", "labels": [{"name": "parentSuite", "value": "tests.test_suites.android"}, {"name": "suite", "value": "test_suit_profile_flow"}, {"name": "subSuite", "value": "TestSuitProfile"}, {"name": "host", "value": "Mukhammadazizs-MacBook-Pro.local"}, {"name": "thread", "value": "44107-MainThread"}, {"name": "framework", "value": "pytest"}, {"name": "language", "value": "cpython3"}, {"name": "package", "value": "tests.test_suites.android.test_suit_profile_flow"}]}